<?xml version="1.0" encoding="UTF-8"?>
<!-- Generated by org.testng.reporters.JUnitXMLReporter -->
<testsuite ignored="0" hostname="FCU-NBK500" failures="1" tests="1" name="MyTest1" time="0.023" errors="0" timestamp="2020-07-27T17:21:44 MESZ">
  <testcase classname="de.alain.TestNGParallel.TestParallelClassOne" name="test_1" time="0.0">
    <failure type="org.testng.TestNGException" message="
Method public void de.alain.TestNGParallel.TestParallelClassOne.test_1(java.lang.String) throws java.lang.InterruptedException,java.io.IOException requires a @DataProvider named : testData">
      <![CDATA[org.testng.TestNGException: 
Method public void de.alain.TestNGParallel.TestParallelClassOne.test_1(java.lang.String) throws java.lang.InterruptedException,java.io.IOException requires a @DataProvider named : testData
at java.base/java.util.ArrayList.forEach(ArrayList.java:1540)
... Removed 24 stack frames]]>
    </failure>
  </testcase> <!-- test_1 -->
</testsuite> <!-- MyTest1 -->
