<?xml version="1.0" encoding="UTF-8"?>
<!-- Generated by org.testng.reporters.JUnitXMLReporter -->
<testsuite ignored="0" hostname="FCU-NBK500" failures="1" tests="2" name="MyTest2" time="92.739" errors="0" timestamp="2020-08-27T18:15:04 MESZ">
  <testcase classname="de.alain.TestNGParallel.TestParallelClassTwo" name="test_2" time="10.139">
    <failure type="java.lang.AssertionError">
      <![CDATA[java.lang.AssertionError
at org.junit.Assert.fail(Assert.java:86)
at org.junit.Assert.fail(Assert.java:95)
at de.alain.PageAndHTMLControl.Base.elementsIsVisible(Base.java:175)
at de.alain.PageAndHTMLControl.Login.isEmailVisible(Login.java:158)
at de.alain.TestNGParallel.TestParallelClassTwo.test_2(TestParallelClassTwo.java:108)
at java.base/java.util.ArrayList.forEach(ArrayList.java:1540)
... Removed 27 stack frames]]>
    </failure>
  </testcase> <!-- test_2 -->
  <testcase classname="de.alain.TestNGParallel.TestParallelClassTwo" name="test_2" time="79.111"/>
</testsuite> <!-- MyTest2 -->
