<?xml version="1.0" encoding="UTF-8"?>
<!-- Generated by org.testng.reporters.JUnitXMLReporter -->
<testsuite ignored="0" hostname="FCU-NBK500" failures="0" tests="4" name="MyTest1" time="199.854" errors="0" timestamp="2020-11-01T23:04:36 CET">
  <testcase classname="de.alain.TestNGParallel.TestParallelClassOne" name="test_1" time="48.055"/>
  <testcase classname="de.alain.TestNGParallel.TestParallelClassOne" name="test_1" time="5.841"/>
  <testcase classname="de.alain.TestNGParallel.TestParallelClassTwo" name="test_2" time="118.781"/>
  <testcase classname="de.alain.TestNGParallel.TestParallelClassTwo" name="test_2" time="8.643"/>
</testsuite> <!-- MyTest1 -->
