<?xml version="1.0" encoding="UTF-8"?>
<testng-results ignored="0" total="4" passed="4" failed="0" skipped="0">
  <reporter-output>
    <line>
      <![CDATA[All test Execution started]]>
    </line>
    <line>
      <![CDATA[Starting test is test_1]]>
    </line>
    <line>
      <![CDATA[Test passed test_1]]>
    </line>
    <line>
      <![CDATA[Starting test is test_1]]>
    </line>
    <line>
      <![CDATA[Test passed test_1]]>
    </line>
    <line>
      <![CDATA[Starting test is test_2]]>
    </line>
    <line>
      <![CDATA[Test passed test_2]]>
    </line>
    <line>
      <![CDATA[Starting test is test_2]]>
    </line>
    <line>
      <![CDATA[Test passed test_2]]>
    </line>
  </reporter-output>
  <suite started-at="2020-11-01T23:01:17 CET" name="TestNgTest" finished-at="2020-11-01T23:04:36 CET" duration-ms="199854">
    <groups>
    </groups>
    <test started-at="2020-11-01T23:01:17 CET" name="MyTest1" finished-at="2020-11-01T23:04:36 CET" duration-ms="199854">
      <class name="de.alain.TestNGParallel.TestParallelClassTwo">
        <test-method is-config="true" signature="setup()[pri:0, instance:de.alain.TestNGParallel.TestParallelClassTwo@7bab3f1a]" started-at="2020-11-01T23:01:17 CET" name="setup" finished-at="2020-11-01T23:01:17 CET" duration-ms="1" status="PASS">
          <reporter-output>
          </reporter-output>
        </test-method> <!-- setup -->
        <test-method is-config="true" signature="beforeMethod()[pri:0, instance:de.alain.TestNGParallel.TestParallelClassTwo@7bab3f1a]" started-at="2020-11-01T23:02:20 CET" name="beforeMethod" finished-at="2020-11-01T23:02:24 CET" duration-ms="3941" status="PASS">
          <reporter-output>
          </reporter-output>
        </test-method> <!-- beforeMethod -->
        <test-method signature="test_2(java.lang.String)[pri:0, instance:de.alain.TestNGParallel.TestParallelClassTwo@7bab3f1a]" started-at="2020-11-01T23:02:24 CET" name="test_2" data-provider="data-provider" finished-at="2020-11-01T23:04:23 CET" duration-ms="118781" status="PASS">
          <params>
            <param index="0">
              <value>
                <![CDATA[Testmanager]]>
              </value>
            </param>
          </params>
          <reporter-output>
            <line>
              <![CDATA[Starting test is test_2]]>
            </line>
            <line>
              <![CDATA[Test passed test_2]]>
            </line>
          </reporter-output>
        </test-method> <!-- test_2 -->
        <test-method is-config="true" signature="afterMethod(org.testng.ITestResult)[pri:0, instance:de.alain.TestNGParallel.TestParallelClassTwo@7bab3f1a]" started-at="2020-11-01T23:04:23 CET" name="afterMethod" finished-at="2020-11-01T23:04:23 CET" duration-ms="118" status="PASS">
          <params>
            <param index="0">
              <value>
                <![CDATA[[TestResult name=test_2 status=SUCCESS method=TestParallelClassTwo.test_2(java.lang.String)[pri:0, instance:de.alain.TestNGParallel.TestParallelClassTwo@7bab3f1a] output=Starting test is test_2]]]>
              </value>
            </param>
          </params>
          <reporter-output>
          </reporter-output>
        </test-method> <!-- afterMethod -->
        <test-method signature="test_2(java.lang.String)[pri:0, instance:de.alain.TestNGParallel.TestParallelClassTwo@7bab3f1a]" started-at="2020-11-01T23:04:23 CET" name="test_2" data-provider="data-provider" finished-at="2020-11-01T23:04:32 CET" duration-ms="8643" status="PASS">
          <params>
            <param index="0">
              <value>
                <![CDATA[Testkoordinator]]>
              </value>
            </param>
          </params>
          <reporter-output>
            <line>
              <![CDATA[Starting test is test_2]]>
            </line>
            <line>
              <![CDATA[Test passed test_2]]>
            </line>
          </reporter-output>
        </test-method> <!-- test_2 -->
        <test-method is-config="true" signature="beforeMethod()[pri:0, instance:de.alain.TestNGParallel.TestParallelClassTwo@7bab3f1a]" started-at="2020-11-01T23:04:23 CET" name="beforeMethod" finished-at="2020-11-01T23:04:23 CET" duration-ms="0" status="PASS">
          <reporter-output>
          </reporter-output>
        </test-method> <!-- beforeMethod -->
        <test-method is-config="true" signature="afterMethod(org.testng.ITestResult)[pri:0, instance:de.alain.TestNGParallel.TestParallelClassTwo@7bab3f1a]" started-at="2020-11-01T23:04:32 CET" name="afterMethod" finished-at="2020-11-01T23:04:36 CET" duration-ms="4111" status="PASS">
          <params>
            <param index="0">
              <value>
                <![CDATA[[TestResult name=test_2 status=SUCCESS method=TestParallelClassTwo.test_2(java.lang.String)[pri:0, instance:de.alain.TestNGParallel.TestParallelClassTwo@7bab3f1a] output=Starting test is test_2]]]>
              </value>
            </param>
          </params>
          <reporter-output>
          </reporter-output>
        </test-method> <!-- afterMethod -->
        <test-method is-config="true" signature="EndTest()[pri:0, instance:de.alain.TestNGParallel.TestParallelClassTwo@7bab3f1a]" started-at="2020-11-01T23:04:36 CET" name="EndTest" finished-at="2020-11-01T23:04:36 CET" duration-ms="515" status="PASS">
          <reporter-output>
          </reporter-output>
        </test-method> <!-- EndTest -->
      </class> <!-- de.alain.TestNGParallel.TestParallelClassTwo -->
      <class name="de.alain.TestNGParallel.TestParallelClassOne">
        <test-method is-config="true" signature="setup()[pri:0, instance:de.alain.TestNGParallel.TestParallelClassOne@36916eb0]" started-at="2020-11-01T23:01:17 CET" name="setup" finished-at="2020-11-01T23:01:17 CET" duration-ms="167" status="PASS">
          <reporter-output>
          </reporter-output>
        </test-method> <!-- setup -->
        <test-method is-config="true" signature="beforeMethod()[pri:0, instance:de.alain.TestNGParallel.TestParallelClassOne@36916eb0]" started-at="2020-11-01T23:01:17 CET" name="beforeMethod" finished-at="2020-11-01T23:01:22 CET" duration-ms="4881" status="PASS">
          <reporter-output>
          </reporter-output>
        </test-method> <!-- beforeMethod -->
        <test-method signature="test_1(java.lang.String)[pri:0, instance:de.alain.TestNGParallel.TestParallelClassOne@36916eb0]" started-at="2020-11-01T23:01:22 CET" name="test_1" data-provider="data-provider" finished-at="2020-11-01T23:02:10 CET" duration-ms="48055" status="PASS">
          <params>
            <param index="0">
              <value>
                <![CDATA[Testautomatisierer]]>
              </value>
            </param>
          </params>
          <reporter-output>
            <line>
              <![CDATA[Starting test is test_1]]>
            </line>
            <line>
              <![CDATA[Test passed test_1]]>
            </line>
          </reporter-output>
        </test-method> <!-- test_1 -->
        <test-method is-config="true" signature="afterMethod(org.testng.ITestResult)[pri:0, instance:de.alain.TestNGParallel.TestParallelClassOne@36916eb0]" started-at="2020-11-01T23:02:10 CET" name="afterMethod" finished-at="2020-11-01T23:02:10 CET" duration-ms="113" status="PASS">
          <params>
            <param index="0">
              <value>
                <![CDATA[[TestResult name=test_1 status=SUCCESS method=TestParallelClassOne.test_1(java.lang.String)[pri:0, instance:de.alain.TestNGParallel.TestParallelClassOne@36916eb0] output=Starting test is test_1]]]>
              </value>
            </param>
          </params>
          <reporter-output>
          </reporter-output>
        </test-method> <!-- afterMethod -->
        <test-method is-config="true" signature="beforeMethod()[pri:0, instance:de.alain.TestNGParallel.TestParallelClassOne@36916eb0]" started-at="2020-11-01T23:02:10 CET" name="beforeMethod" finished-at="2020-11-01T23:02:10 CET" duration-ms="0" status="PASS">
          <reporter-output>
          </reporter-output>
        </test-method> <!-- beforeMethod -->
        <test-method signature="test_1(java.lang.String)[pri:0, instance:de.alain.TestNGParallel.TestParallelClassOne@36916eb0]" started-at="2020-11-01T23:02:10 CET" name="test_1" data-provider="data-provider" finished-at="2020-11-01T23:02:16 CET" duration-ms="5841" status="PASS">
          <params>
            <param index="0">
              <value>
                <![CDATA[Testanalyst]]>
              </value>
            </param>
          </params>
          <reporter-output>
            <line>
              <![CDATA[Starting test is test_1]]>
            </line>
            <line>
              <![CDATA[Test passed test_1]]>
            </line>
          </reporter-output>
        </test-method> <!-- test_1 -->
        <test-method is-config="true" signature="afterMethod(org.testng.ITestResult)[pri:0, instance:de.alain.TestNGParallel.TestParallelClassOne@36916eb0]" started-at="2020-11-01T23:02:16 CET" name="afterMethod" finished-at="2020-11-01T23:02:20 CET" duration-ms="4130" status="PASS">
          <params>
            <param index="0">
              <value>
                <![CDATA[[TestResult name=test_1 status=SUCCESS method=TestParallelClassOne.test_1(java.lang.String)[pri:0, instance:de.alain.TestNGParallel.TestParallelClassOne@36916eb0] output=Starting test is test_1]]]>
              </value>
            </param>
          </params>
          <reporter-output>
          </reporter-output>
        </test-method> <!-- afterMethod -->
        <test-method is-config="true" signature="EndTest()[pri:0, instance:de.alain.TestNGParallel.TestParallelClassOne@36916eb0]" started-at="2020-11-01T23:04:36 CET" name="EndTest" finished-at="2020-11-01T23:04:36 CET" duration-ms="330" status="PASS">
          <reporter-output>
          </reporter-output>
        </test-method> <!-- EndTest -->
      </class> <!-- de.alain.TestNGParallel.TestParallelClassOne -->
    </test> <!-- MyTest1 -->
  </suite> <!-- TestNgTest -->
</testng-results>
