<?xml version="1.0" encoding="UTF-8"?>
<testng-results ignored="0" total="4" passed="1" failed="3" skipped="0">
  <reporter-output>
  </reporter-output>
  <suite started-at="2020-08-27T18:38:06 MESZ" name="Test-class Suite" finished-at="2020-08-27T18:40:15 MESZ" duration-ms="128928">
    <groups>
    </groups>
    <test started-at="2020-08-27T18:38:06 MESZ" name="Test-class test" finished-at="2020-08-27T18:40:15 MESZ" duration-ms="128928">
      <class name="de.alain.TestNGParallel.TestParallelClassTwo">
        <test-method is-config="true" signature="beforeMethod()[pri:0, instance:de.alain.TestNGParallel.TestParallelClassTwo@2ed2d9cb]" started-at="2020-08-27T18:38:06 MESZ" name="beforeMethod" finished-at="2020-08-27T18:38:11 MESZ" duration-ms="4492" status="PASS">
          <reporter-output>
          </reporter-output>
        </test-method> <!-- beforeMethod -->
        <test-method signature="test_2(java.lang.String)[pri:0, instance:de.alain.TestNGParallel.TestParallelClassTwo@2ed2d9cb]" started-at="2020-08-27T18:38:11 MESZ" name="test_2" data-provider="data-provider" finished-at="2020-08-27T18:38:54 MESZ" duration-ms="43399" status="FAIL">
          <params>
            <param index="0">
              <value>
                <![CDATA[msg]]>
              </value>
            </param>
          </params>
          <exception class="java.lang.ArrayIndexOutOfBoundsException">
            <message>
              <![CDATA[Index 1 out of bounds for length 1]]>
            </message>
            <full-stacktrace>
              <![CDATA[java.lang.ArrayIndexOutOfBoundsException: Index 1 out of bounds for length 1
at de.alain.ProjektStatitikUndInformationen.ProjektStatistik.EndProjektMaskeNummer(ProjektStatistik.java:40)
at de.alain.ProjektStatitikUndInformationen.ProjektStatistik.AnzahlProjektProMaske(ProjektStatistik.java:61)
at de.alain.ProjektmaskeNavigationUndProjektmerkmaleHolen.ProjektMaskeNavigationUndProjektMerkmaleHolen.AnzahlProjektJeMaske(ProjektMaskeNavigationUndProjektMerkmaleHolen.java:88)
at de.alain.ProjektmaskeNavigationUndProjektmerkmaleHolen.ProjektMaskeNavigationUndProjektMerkmaleHolen.projektClick(ProjektMaskeNavigationUndProjektMerkmaleHolen.java:119)
at de.alain.ProjektmaskeNavigationUndProjektmerkmaleHolen.ProjektMaskeNavigationUndProjektMerkmaleHolen.ProjektmaskeAnklickeUndMaskeInformationenAssortieren(ProjektMaskeNavigationUndProjektMerkmaleHolen.java:53)
at de.alain.TestNGParallel.TestParallelClassTwo.test_2(TestParallelClassTwo.java:116)
at java.base/jdk.internal.reflect.NativeMethodAccessorImpl.invoke0(Native Method)
at java.base/jdk.internal.reflect.NativeMethodAccessorImpl.invoke(NativeMethodAccessorImpl.java:62)
at java.base/jdk.internal.reflect.DelegatingMethodAccessorImpl.invoke(DelegatingMethodAccessorImpl.java:43)
at java.base/java.lang.reflect.Method.invoke(Method.java:566)
at org.testng.internal.MethodInvocationHelper.invokeMethod(MethodInvocationHelper.java:135)
at org.testng.internal.TestInvoker.invokeMethod(TestInvoker.java:598)
at org.testng.internal.TestInvoker.invokeTestMethod(TestInvoker.java:174)
at org.testng.internal.MethodRunner.runInSequence(MethodRunner.java:46)
at org.testng.internal.TestInvoker$MethodInvocationAgent.invoke(TestInvoker.java:821)
at org.testng.internal.TestInvoker.invokeTestMethods(TestInvoker.java:147)
at org.testng.internal.TestMethodWorker.invokeTestMethods(TestMethodWorker.java:146)
at org.testng.internal.TestMethodWorker.run(TestMethodWorker.java:128)
at java.base/java.util.concurrent.ThreadPoolExecutor.runWorker(ThreadPoolExecutor.java:1128)
at java.base/java.util.concurrent.ThreadPoolExecutor$Worker.run(ThreadPoolExecutor.java:628)
at java.base/java.lang.Thread.run(Thread.java:834)
]]>
            </full-stacktrace>
          </exception> <!-- java.lang.ArrayIndexOutOfBoundsException -->
          <reporter-output>
          </reporter-output>
        </test-method> <!-- test_2 -->
        <test-method is-config="true" signature="afterMethod()[pri:0, instance:de.alain.TestNGParallel.TestParallelClassTwo@2ed2d9cb]" started-at="2020-08-27T18:38:54 MESZ" name="afterMethod" finished-at="2020-08-27T18:38:54 MESZ" duration-ms="0" status="PASS">
          <reporter-output>
          </reporter-output>
        </test-method> <!-- afterMethod -->
        <test-method is-config="true" signature="beforeMethod()[pri:0, instance:de.alain.TestNGParallel.TestParallelClassTwo@2ed2d9cb]" started-at="2020-08-27T18:38:54 MESZ" name="beforeMethod" finished-at="2020-08-27T18:38:54 MESZ" duration-ms="0" status="PASS">
          <reporter-output>
          </reporter-output>
        </test-method> <!-- beforeMethod -->
        <test-method signature="test_2(java.lang.String)[pri:0, instance:de.alain.TestNGParallel.TestParallelClassTwo@2ed2d9cb]" started-at="2020-08-27T18:38:54 MESZ" name="test_2" data-provider="data-provider" finished-at="2020-08-27T18:38:57 MESZ" duration-ms="2653" status="FAIL">
          <params>
            <param index="0">
              <value>
                <![CDATA[Testmanager]]>
              </value>
            </param>
          </params>
          <exception class="java.lang.ArrayIndexOutOfBoundsException">
            <message>
              <![CDATA[Index 1 out of bounds for length 1]]>
            </message>
            <full-stacktrace>
              <![CDATA[java.lang.ArrayIndexOutOfBoundsException: Index 1 out of bounds for length 1
at de.alain.ProjektStatitikUndInformationen.ProjektStatistik.EndProjektMaskeNummer(ProjektStatistik.java:40)
at de.alain.ProjektStatitikUndInformationen.ProjektStatistik.AnzahlDerGeneriertenMaskeJeProjektsuche(ProjektStatistik.java:69)
at de.alain.ProjektmaskeNavigationUndProjektmerkmaleHolen.ProjektMaskeNavigationUndProjektMerkmaleHolen.ProjektmaskeAnklickeUndMaskeInformationenAssortieren(ProjektMaskeNavigationUndProjektMerkmaleHolen.java:45)
at de.alain.TestNGParallel.TestParallelClassTwo.test_2(TestParallelClassTwo.java:116)
at java.base/jdk.internal.reflect.NativeMethodAccessorImpl.invoke0(Native Method)
at java.base/jdk.internal.reflect.NativeMethodAccessorImpl.invoke(NativeMethodAccessorImpl.java:62)
at java.base/jdk.internal.reflect.DelegatingMethodAccessorImpl.invoke(DelegatingMethodAccessorImpl.java:43)
at java.base/java.lang.reflect.Method.invoke(Method.java:566)
at org.testng.internal.MethodInvocationHelper.invokeMethod(MethodInvocationHelper.java:135)
at org.testng.internal.TestInvoker.invokeMethod(TestInvoker.java:598)
at org.testng.internal.TestInvoker.invokeTestMethod(TestInvoker.java:174)
at org.testng.internal.MethodRunner.runInSequence(MethodRunner.java:46)
at org.testng.internal.TestInvoker$MethodInvocationAgent.invoke(TestInvoker.java:821)
at org.testng.internal.TestInvoker.invokeTestMethods(TestInvoker.java:147)
at org.testng.internal.TestMethodWorker.invokeTestMethods(TestMethodWorker.java:146)
at org.testng.internal.TestMethodWorker.run(TestMethodWorker.java:128)
at java.base/java.util.concurrent.ThreadPoolExecutor.runWorker(ThreadPoolExecutor.java:1128)
at java.base/java.util.concurrent.ThreadPoolExecutor$Worker.run(ThreadPoolExecutor.java:628)
at java.base/java.lang.Thread.run(Thread.java:834)
]]>
            </full-stacktrace>
          </exception> <!-- java.lang.ArrayIndexOutOfBoundsException -->
          <reporter-output>
          </reporter-output>
        </test-method> <!-- test_2 -->
        <test-method is-config="true" signature="afterMethod()[pri:0, instance:de.alain.TestNGParallel.TestParallelClassTwo@2ed2d9cb]" started-at="2020-08-27T18:38:57 MESZ" name="afterMethod" finished-at="2020-08-27T18:39:01 MESZ" duration-ms="3848" status="PASS">
          <reporter-output>
          </reporter-output>
        </test-method> <!-- afterMethod -->
      </class> <!-- de.alain.TestNGParallel.TestParallelClassTwo -->
      <class name="de.alain.TestNGParallel.TestParallelClassOne">
        <test-method is-config="true" signature="beforeMethod()[pri:0, instance:de.alain.TestNGParallel.TestParallelClassOne@6392827e]" started-at="2020-08-27T18:38:06 MESZ" name="beforeMethod" finished-at="2020-08-27T18:38:11 MESZ" duration-ms="4892" status="PASS">
          <reporter-output>
          </reporter-output>
        </test-method> <!-- beforeMethod -->
        <test-method signature="test_1(java.lang.String)[pri:0, instance:de.alain.TestNGParallel.TestParallelClassOne@6392827e]" started-at="2020-08-27T18:38:11 MESZ" name="test_1" data-provider="data-provider" finished-at="2020-08-27T18:38:56 MESZ" duration-ms="45058" status="FAIL">
          <params>
            <param index="0">
              <value>
                <![CDATA[Testautomatisierer]]>
              </value>
            </param>
          </params>
          <exception class="java.lang.NullPointerException">
            <full-stacktrace>
              <![CDATA[java.lang.NullPointerException
at de.alain.ProjektmaskeNavigationUndProjektmerkmaleHolen.ProjektMaskeNavigationUndProjektMerkmaleHolen.listProjektInformationen(ProjektMaskeNavigationUndProjektMerkmaleHolen.java:183)
at de.alain.ProjektmaskeNavigationUndProjektmerkmaleHolen.ProjektMaskeNavigationUndProjektMerkmaleHolen.ProjektmaskeAnklickeUndMaskeInformationenAssortieren(ProjektMaskeNavigationUndProjektMerkmaleHolen.java:75)
at de.alain.TestNGParallel.TestParallelClassOne.test_1(TestParallelClassOne.java:134)
at java.base/jdk.internal.reflect.NativeMethodAccessorImpl.invoke0(Native Method)
at java.base/jdk.internal.reflect.NativeMethodAccessorImpl.invoke(NativeMethodAccessorImpl.java:62)
at java.base/jdk.internal.reflect.DelegatingMethodAccessorImpl.invoke(DelegatingMethodAccessorImpl.java:43)
at java.base/java.lang.reflect.Method.invoke(Method.java:566)
at org.testng.internal.MethodInvocationHelper.invokeMethod(MethodInvocationHelper.java:135)
at org.testng.internal.TestInvoker.invokeMethod(TestInvoker.java:598)
at org.testng.internal.TestInvoker.invokeTestMethod(TestInvoker.java:174)
at org.testng.internal.MethodRunner.runInSequence(MethodRunner.java:46)
at org.testng.internal.TestInvoker$MethodInvocationAgent.invoke(TestInvoker.java:821)
at org.testng.internal.TestInvoker.invokeTestMethods(TestInvoker.java:147)
at org.testng.internal.TestMethodWorker.invokeTestMethods(TestMethodWorker.java:146)
at org.testng.internal.TestMethodWorker.run(TestMethodWorker.java:128)
at java.base/java.util.concurrent.ThreadPoolExecutor.runWorker(ThreadPoolExecutor.java:1128)
at java.base/java.util.concurrent.ThreadPoolExecutor$Worker.run(ThreadPoolExecutor.java:628)
at java.base/java.lang.Thread.run(Thread.java:834)
]]>
            </full-stacktrace>
          </exception> <!-- java.lang.NullPointerException -->
          <reporter-output>
          </reporter-output>
        </test-method> <!-- test_1 -->
        <test-method is-config="true" signature="afterMethod()[pri:0, instance:de.alain.TestNGParallel.TestParallelClassOne@6392827e]" started-at="2020-08-27T18:38:56 MESZ" name="afterMethod" finished-at="2020-08-27T18:38:56 MESZ" duration-ms="0" status="PASS">
          <reporter-output>
          </reporter-output>
        </test-method> <!-- afterMethod -->
        <test-method signature="test_1(java.lang.String)[pri:0, instance:de.alain.TestNGParallel.TestParallelClassOne@6392827e]" started-at="2020-08-27T18:38:56 MESZ" name="test_1" data-provider="data-provider" finished-at="2020-08-27T18:40:11 MESZ" duration-ms="74888" status="PASS">
          <params>
            <param index="0">
              <value>
                <![CDATA[Leiter]]>
              </value>
            </param>
          </params>
          <reporter-output>
          </reporter-output>
        </test-method> <!-- test_1 -->
        <test-method is-config="true" signature="beforeMethod()[pri:0, instance:de.alain.TestNGParallel.TestParallelClassOne@6392827e]" started-at="2020-08-27T18:38:56 MESZ" name="beforeMethod" finished-at="2020-08-27T18:38:56 MESZ" duration-ms="0" status="PASS">
          <reporter-output>
          </reporter-output>
        </test-method> <!-- beforeMethod -->
        <test-method is-config="true" signature="afterMethod()[pri:0, instance:de.alain.TestNGParallel.TestParallelClassOne@6392827e]" started-at="2020-08-27T18:40:11 MESZ" name="afterMethod" finished-at="2020-08-27T18:40:15 MESZ" duration-ms="3854" status="PASS">
          <reporter-output>
          </reporter-output>
        </test-method> <!-- afterMethod -->
      </class> <!-- de.alain.TestNGParallel.TestParallelClassOne -->
    </test> <!-- Test-class test -->
  </suite> <!-- Test-class Suite -->
</testng-results>
